L0001 	OPALjr Example
L0002 	Copyright National Semiconductor Corp, 1993.
L0003 
L0004 	10-BIT SYNCHRONOUS UP/DOWN COUNTER
L0005 
L0006 
L0007 CHIP 10_COUNT PAL20X10
L0008 
L0009 CLK  D0   D1   D2D7 /LD  /CNT  UP  SET  D8   /CIN D9   GND
L0010 /OE  Q9   Q8   Q7   Q6   Q5   Q4   Q3   Q2   Q1   Q0   VCC
L0011 
L0012 EQUATIONS
L0013 
L0014 /Q0 :=  /Q0*LD*/SET + /LD*/SET*/D0
L0015     :+: LD*/CIN*/SET*/CNT*/UP
L0016       + LD*/CIN*/SET*/CNT* UP
L0017  
L0018 /Q1 :=  /Q1*LD*/SET + /LD*/SET*/D1
L0019     :+: LD*/CIN*/SET*/CNT*/UP*/Q0
L0020       + LD*/CIN*/SET*/CNT* UP* Q0
L0021  
L0022 /Q2 :=  /Q2*LD*/SET + /LD*/SET*/D2D7
L0023     :+: LD*/CIN*/SET*/CNT*/UP*/Q1*/Q0
L0024       + LD*/CIN*/SET*/CNT* UP* Q1* Q0
L0025  
L0026 /Q3 :=  /Q3*LD*/SET + /LD*/SET*/D2D7
L0027     :+: LD*/CIN*/SET*/CNT*/UP*/Q2*/Q1*/Q0
L0028       + LD*/CIN*/SET*/CNT* UP* Q2* Q1* Q0
L0029  
L0030 /Q4 :=  /Q4*LD*/SET + /LD*/SET*/D2D7
L0031     :+: LD*/CIN*/SET*/CNT*/UP*/Q3*/Q2*/Q1*/Q0
L0032       + LD*/CIN*/SET*/CNT* UP* Q3* Q2* Q1* Q0
L0033  
L0034 /Q5 :=  /Q5*LD*/SET + /LD*/SET*/D2D7
L0035     :+: LD*/CIN*/SET*/CNT*/UP*/Q4*/Q3*/Q2*/Q1*/Q0
L0036       + LD*/CIN*/SET*/CNT* UP* Q4* Q3* Q2* Q1* Q0
L0037  
L0038 /Q6 :=  /Q6*LD*/SET + /LD*/SET*/D2D7
L0039     :+: LD*/CIN*/SET*/CNT*/UP*/Q5*/Q4*/Q3*/Q2*/Q1*/Q0
L0040       + LD*/CIN*/SET*/CNT* UP* Q5* Q4* Q3* Q2* Q1* Q0
L0041  
L0042 /Q7 :=  /Q7*LD*/SET + /LD*/SET*/D2D7
L0043     :+: LD*/CIN*/SET*/CNT*/UP*/Q6*/Q5*/Q4*/Q3*/Q2*/Q1*/Q0
L0044       + LD*/CIN*/SET*/CNT* UP* Q6* Q5* Q4* Q3* Q2* Q1* Q0
L0045  
L0046 /Q8 :=  /Q8*LD*/SET + /LD*/SET*/D8
L0047     :+: LD*/CIN*/SET*/CNT*/UP*/Q7*/Q6*/Q5*/Q4*/Q3*/Q2*/Q1*/Q0
L0048       + LD*/CIN*/SET*/CNT* UP* Q7* Q6* Q5* Q4* Q3* Q2* Q1* Q0
L0049 
L0050 /Q9 :=  /Q9*LD*/SET + /LD*/SET*/D9
L0051     :+: LD*/CIN*/SET*/CNT*/UP*/Q8*/Q7*/Q6*/Q5*/Q4*/Q3*/Q2*/Q1*/Q0
L0052       + LD*/CIN*/SET*/CNT* UP* Q8* Q7* Q6* Q5* Q4* Q3* Q2* Q1* Q0
L0053 
L0054 
