
DLsim Logic Circuit Analysis (Version 3.02)
Copyright (c) 1990 CADsim Technologies. All rights reserved.

Memory     = 283848
Signals    = 263         Externals  = 14          Elements   = 393   
Probes     = 21          Buses      = 1           Macros     = 1     
Sim length = 1979        Step time  = 1           Samples    = 354   


    $ sodavend                                                            

    A C   A N A L Y S I S 


                CRNNDDQQC%%RSOECRRRGE
                LSIIIIUUOCCEEVNLEEEIR
                KTCCMMAAINNTLEOETTTVR
                  KKEERRNTT__RUA___EO
                  EE_ TTS  CSFGRQDN_R
                  LLI EE   OOLH UIISL
                  _   RR   IDO  AMCOI
                  I   _    NAW  REKDG
                      I    S    T EAH
                                E L T
                                R    
                                     
                                     
                                     
                                     
                                     
                                     
                                     
                                     
                                     
      TIME
         0      010Z0Z0ZZ0000ZZ000000
         2      01000000Z000000000000
         4      010000000000000000000
        12      110000000000000000000
        16      010000000000000000000
        20      000000000000000000000
        32      100000000000000000000
        36      000000000000000000000
        40      000010000000000000000
        42      000011000000000000000
        44      000011001000000000000
        52      100011001000000000000
        56      000011001000000000000
        60      000001001000000000000
        72      100001001000000000000
        76      000001001000000000000
        92      100001001000000000000
        94      100001001020000100000
        96      000000001020000100000
        98      000000000020000100000
       112      100000000020000100000
       114      100000000020000000000
       116      000000000020000000000
       120      001000000020000000000
       122      001100000020000000000
       124      001100001020000000000
       132      101100001020000000000
       136      001100001020000000000
       140      000100001020000000000
       152      100100001020000000000
       156      000100001020000000000
       172      100100001020000000000
       174      100100001030000100000
       176      000000001030000100000
       178      000000000030000100000
       192      100000000030000100000
       194      100000000030000000000
       196      000000000030000000000
       200      000000100030000000000
       202      000000110030000000000
       204      000000111030000000000
       212      100000111030000000000
       216      000000111030000000000
       220      000000011030000000000
       232      100000011030000000000
       236      000000011030000000000
       252      100000011030000000000
       254      100000011080000100000
       256      000000001080000100000
       258      000000000080000100000
       272      100000000080000100000
       274      100000000080000000000
       276      000000000080000000000
       292      100000000080000000000
       296      000000000080000000000
       312      100000000080000000000
       316      000000000080000000000
       320      000000000081000000000
       332      100000000081000000000
       336      000000000081000000000
       340      000000000080000000000
       352      100000000080000000000
       356      000000000080000000000
       372      100000000080000000000
       374      100000000030000010000
       376      000000000030000010000
       392      100000000030000010000
       394      100000000030000000000
       396      000000000030000000000
       412      100000000030000000000
       414      100000000010000001000
       416      000000000010000001000
       432      100000000010000001000
       434      100000000010000000000
       436      000000000010000000000
       452      100000000010000000000
       454      100000000000000000100
       456      000000000000000000100
       472      100000000000000000100
       474      100000000000000000000
       476      000000000000000000000
       480      000010000000000000000
       482      000011000000000000000
       484      000011001000000000000
       492      100011001000000000000
       496      000011001000000000000
       500      000001001000000000000
       512      100001001000000000000
       516      000001001000000000000
       532      100001001000000000000
       534      100001001020000100000
       536      000000001020000100000
       538      000000000020000100000
       552      100000000020000100000
       554      100000000020000000000
       556      000000000020000000000
       560      000000100020000000000
       562      000000110020000000000
       564      000000111020000000000
       572      100000111020000000000
       576      000000111020000000000
       580      000000011020000000000
       592      100000011020000000000
       596      000000011020000000000
       612      100000011020000000000
       614      100000011070000100000
       616      000000001070000100000
       618      000000000070000100000
       632      100000000070000100000
       634      100000000070000000000
       636      000000000070000000000
       640      001000000070000000000
       642      001100000070000000000
       644      001100001070000000000
       652      101100001070000000000
       656      001100001070000000000
       660      000100001070000000000
       672      100100001070000000000
       676      000100001070000000000
       692      100100001070000000000
       694      100100001080000100000
       696      000000001080000100000
       698      000000000080000100000
       712      100000000080000100000
       714      100000000080000000000
       716      000000000080000000000
       720      000000100080000000000
       722      000000110080000000000
       724      000000111080000000000
       732      100000111080000000000
       736      000000111080000000000
       740      000000011080000000000
       752      100000011080000000000
       756      000000011080000000000
       772      100000011080000000000
       774      1000000110D0000100000
       776      0000000010D0001100000
       778      0000000000D0001100000
       792      1000000000D0001100000
       794      1000000000D0001000000
       796      0000000000D0001000000
       800      0000000000D0101000000
       812      1000000000D0101000000
       816      0000000000D0101000000
       820      0000000000D0001000000
       832      1000000000D0001000000
       834      100000000010001000010
       836      000000000010000000010
       852      100000000010000000010
       854      100000000010000000000
       856      000000000010000000000
       860      000000100010000000000
       862      000000110010000000000
       864      000000111010000000000
       872      100000111010000000000
       876      000000111010000000000
       880      000000011010000000000
       892      100000011010000000000
       896      000000011010000000000
       912      100000011010000000000
       914      100000011060000100000
       916      000000001060000100000
       918      000000000060000100000
       932      100000000060000100000
       934      100000000060000000000
       936      000000000060000000000
       940      000000000060100000000
       952      100000000060100000000
       956      000000000060100000000
       960      000000000060000000000
       972      100000000060000000000
       976      000000000060000000000
       980      000000100060000000000
       982      000000110060000000000
       984      000000111060000000000
       992      100000111060000000000
       996      000000111060000000000
      1000      000000011060000000000
      1012      100000011060000000000
      1016      000000011060000000000
      1032      100000011060000000000
      1034      1000000110B0000100000
      1036      0000000010B0000100000
      1038      0000000000B0000100000
      1052      1000000000B0000100000
      1054      1000000000B0000000000
      1056      0000000000B0000000000
      1060      0000001000B0000000000
      1062      0000001100B0000000000
      1064      0000001110B0000000000
      1072      1000001110B0000000000
      1076      0000001110B0000000000
      1080      0000000110B0000000000
      1092      1000000110B0000000000
      1096      0000000110B0000000000
      1112      1000000110B0000000000
      1114      100000011100000100000
      1116      000000001100001100000
      1118      000000000100001100000
      1132      100000000100001100000
      1134      100000000100001000000
      1136      000000000100001000000
      1140      001000000100001000000
      1142      001100000100001000000
      1144      001100001100001000000
      1152      101100001100001000000
      1156      001100001100001000000
      1160      000100001100001000000
      1172      100100001100001000000
      1176      000100001100001000000
      1192      100100001100001000000
      1194      100100001110001100000
      1196      000000001110001100000
      1198      000000000110001100000
      1212      100000000110001100000
      1214      100000000110001000000
      1216      000000000110001000000
      1220      000000000110101000000
      1232      100000000110101000000
      1236      000000000110101000000
      1240      000000000110001000000
      1252      100000000110001000000
      1254      100000000050001000010
      1256      000000000050000000010
      1272      100000000050000000010
      1274      100000000050000000000
      1276      000000000050000000000
      1280      000010000050000000000
      1282      000011000050000000000
      1284      000011001050000000000
      1292      100011001050000000000
      1296      000011001050000000000
      1300      000001001050000000000
      1312      100001001050000000000
      1316      000001001050000000000
      1332      100001001050000000000
      1334      100001001070000100000
      1336      000000001070000100000
      1338      000000000070000100000
      1352      100000000070000100000
      1354      100000000070000000000
      1356      000000000070000000000
      1360      000000100070000000000
      1362      000000110070000000000
      1364      000000111070000000000
      1372      100000111070000000000
      1376      000000111070000000000
      1380      000000011070000000000
      1392      100000011070000000000
      1396      000000011070000000000
      1412      100000011070000000000
      1414      1000000110C0000100000
      1416      0000000010C0001100000
      1418      0000000000C0001100000
      1432      1000000000C0001100000
      1434      1000000000C0001000000
      1436      0000000000C0001000000
      1440      0000001000C0001000000
      1442      0000001100C0001000000
      1444      0000001110C0001000000
      1452      1000001110C0001000000
      1456      0000001110C0001000000
      1460      0000000110C0001000000
      1472      1000000110C0001000000
      1476      0000000110C0001000000
      1492      1000000110C0001000000
      1494      100000011110001100000
      1496      000000001110001100000
      1498      000000000110001100000
      1512      100000000110001100000
      1514      100000000110001000000
      1516      000000000110001000000
      1520      000000100110001000000
      1522      000000110110001000000
      1524      000000111110001000000
      1532      100000111110001000000
      1536      000000111110001000000
      1540      000000011110001000000
      1552      100000011110001000000
      1556      000000011110001000000
      1572      100000011110001000000
      1574      100000011160001100000
      1576      000000001160001100000
      1578      000000000160001100000
      1592      100000000160001100000
      1594      100000000160001000000
      1596      000000000160001000000
      1600      000000100160001000000
      1602      000000110160001000000
      1604      000000111160001000000
      1612      100000111160001000000
      1616      000000111160001000000
      1620      000000011160001000000
      1632      100000011160001000000
      1636      000000011160001000000
      1652      100000011160001000000
      1654      1000000111B0001100000
      1656      0000000011B0011100000
      1658      0000000001B0011100000
      1672      1000000001B0011100000
      1674      1000000001B0011000000
      1676      0000000001B0011000000
      1680      0000100001B0011000000
      1682      0000110001B0011000000
      1684      0000110011B0011000000
      1692      1000110011B0011000000
      1696      0000110011B0011000000
      1700      0000010011B0011000000
      1712      1000010011B0011000000
      1716      0000010011B0011000000
      1732      1000010011B0011000000
      1736      0000010011B0011000000
      1752      1000010011B0011000000
      1754      1000010011B0011101000
      1756      0000000011B0011101000
      1758      0000000001B0011101000
      1772      1000000001B0011101000
      1774      1000000001B0011000000
      1776      0000000001B0011000000
      1780      0010000001B0011000000
      1782      0011000001B0011000000
      1784      0011000011B0011000000
      1792      1011000011B0011000000
      1796      0011000011B0011000000
      1800      0001000011B0011000000
      1812      1001000011B0011000000
      1816      0001000011B0011000000
      1832      1001000011B0011000000
      1836      0001000011B0011000000
      1852      1001000011B0011000000
      1854      1001000011B0011100100
      1856      0000000011B0011100100
      1858      0000000001B0011100100
      1872      1000000001B0011100100
      1874      1000000001B0011000000
      1876      0000000001B0011000000
      1880      0000001001B0011000000
      1882      0000001101B0011000000
      1884      0000001111B0011000000
      1892      1000001111B0011000000
      1896      0000001111B0011000000
      1900      0000000111B0011000000
      1912      1000000111B0011000000
      1916      0000000111B0011000000
      1932      1000000111B0011000000
      1936      0000000111B0011000000
      1952      1000000111B0011000000
      1954      1000000111B0011110000
      1956      0000000011B0011110000
      1958      0000000001B0011110000
      1972      1000000001B0011110000
      1974      1000000001B0011000000
      1976      0000000001B0011000000
      1979      0000000001B0011000000
 
Simulation Completed Normally.
